
T1614 002:523 SEGGER J-Link V6.40 Log File (0001ms, 0086ms total)
T1614 002:523 DLL Compiled: Oct 26 2018 15:06:12 (0001ms, 0086ms total)
T1614 002:523 Logging started @ 2019-04-06 21:25 (0001ms, 0086ms total)
T1614 002:524 JLINK_ExecCommand("EnableAutoUpdateFW", ...).   returns 0x00 (0000ms, 0086ms total)
T1614 002:524 JLINK_OpenEx(...)
Firmware: J-Link EDU Mini V1 compiled Feb 21 2019 12:49:13
Hardware: V1.00
S/N: 801008494
Feature(s): FlashBP, GDB
TELNET listener socket opened on port 19021WEBSRV 
Starting webserver (0026ms, 0112ms total)
T1614 002:524 WEBSRV Webserver running on local port 19080 (0026ms, 0112ms total)
T1614 002:524   returns O.K. (0026ms, 0112ms total)
T1614 002:550 JLINK_GetEmuCaps()  returns 0xB8EA5A33 (0000ms, 0112ms total)
T1614 002:550 JLINK_GetFirmwareString(...) (0000ms, 0112ms total)
T1614 002:550 JLINK_GetDLLVersion()  returns 64000 (0000ms, 0112ms total)
T1614 002:550 JLINK_GetHardwareVersion()  returns 0x2710 (0000ms, 0112ms total)
T1614 002:550 JLINK_GetHWStatus(...)  returns 0x00 (0001ms, 0113ms total)
T1614 002:551 JLINK_ExecCommand("ProjectFile = "D:/Documents/SEGGER Embedded Studio for ARM Projects/nRF5_SDK_15.3.0_59ac345/examples/ble_peripheral/ble_app_blinky/pca10040/s132/ses/ble_app_blinky_pca10040_s132_Release.jlink"", ...).   returns 0x00 (0002ms, 0115ms total)
T1614 002:553 JLINK_EMU_GetCurrConnectionInfo()  returns 0 (0000ms, 0115ms total)
T1614 002:553 JLINK_DEVICE_GetIndex(sDeviceName = nRF52832_xxAA)  returns 1785 (0000ms, 0115ms total)
T1614 002:553 JLINK_ExecCommand("device = nRF52832_xxAA", ...). Device "NRF52832_XXAA" selected.  returns 0x00 (0002ms, 0117ms total)
T1614 002:555 JLINK_DEVICE_GetIndex(sDeviceName = nRF52832_xxAA)  returns 1785 (0000ms, 0117ms total)
T1614 002:555 JLINK_DEVICE_GetInfo(DeviceIndex = 1785)  returns 0 (0000ms, 0117ms total)
T1614 002:555 JLINK_GetEmuCaps()  returns 0xB8EA5A33 (0000ms, 0117ms total)
T1614 002:555 JLINK_TIF_GetAvailable(...) (0001ms, 0118ms total)
T1614 002:556 JLINK_TIF_Select(JLINKARM_TIF_SWD)  returns 0x00 (0000ms, 0118ms total)
T1614 002:556 JLINK_GetEmuCaps()  returns 0xB8EA5A33 (0000ms, 0118ms total)
T1614 002:556 JLINK_SWO_Control(JLINKARM_SWO_CMD_GET_SPEED_INFO, ...)  returns 0x00 (0001ms, 0119ms total)
T1614 002:557 JLINK_SetEndian(ARM_ENDIAN_LITTLE)  returns 0x00 (0000ms, 0119ms total)
T1614 002:557 JLINK_GetEmuCaps()  returns 0xB8EA5A33 (0000ms, 0119ms total)
T1614 002:557 JLINK_SetSpeed(4000) (0000ms, 0119ms total)
T1614 002:557 JLINK_GetSpeed()  returns 0xFA0 (0000ms, 0119ms total)
T1614 002:557 JLINK_Connect() >0x10B TIF>Found SW-DP with ID 0x2BA01477 >0x0D TIF> >0x28 TIF> >0x0D TIF> >0x28 TIF> >0x10B TIF>Found SW-DP with ID 0x2BA01477 >0x0D TIF> >0x28 TIF> >0x0D TIF> >0x28 TIF> >0x0D TIF> >0x28 TIF> >0x0D TIF> >0x28 TIF> >0x35 TIF> >0x0D TIF> >0x28 TIF>Scanning AP map to find all available APs >0x0D TIF> >0x28 TIF> >0x35 TIF> >0x35 TIF> >0x0D TIF> >0x28 TIF> >0x35 TIF> >0x35 TIF> >0x0D TIF> >0x28 TIF> >0x35 TIF> >0x35 TIF>AP[2]: Stopped AP scan as end of AP map has been reached
AP[0]: AHB-AP (IDR: 0x24770011)AP[1]: JTAG-AP (IDR: 0x02880000)Iterating through AP map to find AHB-AP to use >0x42 TIF> >0x28 TIF> >0x0D TIF> >0x28 TIF> >0x35 TIF> >0x35 TIF> >0x42 TIF> >0x28 TIF> >0x0D TIF> >0x28 TIF> >0x0D TIF> >0x28 TIF> >0x35 TIF> >0x35 TIF>AP[0]: Core foundAP[0]: AHB-AP ROM base: 0xE00FF000 >0x0D TIF> >0x28 TIF> >0x0D TIF> >0x28 TIF> >0x0D TIF> >0x28 TIF> >0x35 TIF> >0x35 TIF>CPUID register: 0x410FC241. Implementer code: 0x41 (ARM)Found Cortex-M4 r0p1, Little endian.
 -- Max. mem block: 0x00001500 -- CPU_ReadMem(4 bytes @ 0xE000EDF0) -- CPU_WriteMem(4 bytes @ 0xE000EDF0) -- CPU_ReadMem(4 bytes @ 0xE0002000)FPUnit: 6 code (BP) slots and 2 literal slots -- CPU_ReadMem(4 bytes @ 0xE000EDFC) -- CPU_WriteMem(4 bytes @ 0xE000EDFC) -- CPU_ReadMem(4 bytes @ 0xE0001000) -- CPU_WriteMem(4 bytes @ 0xE0001000) -- CPU_ReadMem(4 bytes @ 0xE000ED88) -- CPU_WriteMem(4 bytes @ 0xE000ED88) -- CPU_ReadMem(4 bytes @ 0xE000ED88) -- CPU_WriteMem(4 bytes @ 0xE000ED88)CoreSight components:
ROMTbl[0] @ E00FF000 -- CPU_ReadMem(16 bytes @ 0xE00FF000) -- CPU_ReadMem(16 bytes @ 0xE000EFF0) -- CPU_ReadMem(16 bytes @ 0xE000EFE0)ROMTbl[0][0]: E000E000, CID: B105E00D, PID: 000BB00C SCS-M7 -- CPU_ReadMem(16 bytes @ 0xE0001FF0) -- CPU_ReadMem(16 bytes @ 0xE0001FE0)ROMTbl[0][1]: E0001000, CID: B105E00D, PID: 003BB002 DWT -- CPU_ReadMem(16 bytes @ 0xE0002FF0) -- CPU_ReadMem(16 bytes @ 0xE0002FE0)ROMTbl[0][2]: E0002000, CID: B105E00D, PID: 002BB003 FPB -- CPU_ReadMem(16 bytes @ 0xE0000FF0)
 -- CPU_ReadMem(16 bytes @ 0xE0000FE0)ROMTbl[0][3]: E0000000, CID: B105E00D, PID: 003BB001 ITM -- CPU_ReadMem(16 bytes @ 0xE00FF010) -- CPU_ReadMem(16 bytes @ 0xE0040FF0) -- CPU_ReadMem(16 bytes @ 0xE0040FE0)ROMTbl[0][4]: E0040000, CID: B105900D, PID: 000BB9A1 TPIU -- CPU_ReadMem(16 bytes @ 0xE0041FF0) -- CPU_ReadMem(16 bytes @ 0xE0041FE0)ROMTbl[0][5]: E0041000, CID: B105900D, PID: 000BB925 ETM  returns 0x00 (0127ms, 0246ms total)
T1614 002:684 JLINK_GetId() >0x35 TIF>  returns 0x2BA01477 (0001ms, 0247ms total)
T1614 002:685 JLINK_GetDebugInfo(0x10E = JLINKARM_DEBUG_INFO_AHBAP_INDEX) -- Value=0x00000000  returns 0x00 (0000ms, 0247ms total)
T1614 002:685 JLINK_GetDebugInfo(0x10C = JLINKARM_DEBUG_INFO_DBG_ADDR_INDEX) -- Value=0xE000EDF0  returns 0x00 (0000ms, 0247ms total)
T1614 002:685 JLINK_GetDebugInfo(0x105 = JLINKARM_DEBUG_INFO_DWT_ADDR_INDEX) -- Value=0xE0001000  returns 0x00 (0000ms, 0247ms total)
T1614 002:685 JLINK_GetDebugInfo(0x106 = JLINKARM_DEBUG_INFO_FPB_ADDR_INDEX) -- Value=0xE0002000  returns 0x00 (0000ms, 0247ms total)
T1614 002:685 JLINK_GetDebugInfo(0x104 = JLINKARM_DEBUG_INFO_ITM_ADDR_INDEX) -- Value=0xE0000000  returns 0x00 (0000ms, 0247ms total)
T1614 002:685 JLINK_CORE_GetFound()  returns 0xE0000FF (0000ms, 0247ms total)
T1614 002:685 JLINK_WriteU32(0xE0000FB0, 0xC5ACCE55) -- CPU is running -- CPU_WriteMem(4 bytes @ 0xE0000FB0)  returns 0 (0000ms, 0247ms total)
T1614 002:687 JLINK_DEVICE_GetIndex(sDeviceName = nRF52832_xxAA)  returns 1785 (0000ms, 0247ms total)
T1614 002:687 JLINK_DEVICE_GetInfo(DeviceIndex = 1785)  returns 0 (0000ms, 0247ms total)
T1614 002:689 JLINK_DEVICE_GetIndex(sDeviceName = nRF52832_xxAA)  returns 1785 (0000ms, 0247ms total)
T1614 002:689 JLINK_DEVICE_GetInfo(DeviceIndex = 1785)  returns 0 (0000ms, 0247ms total)
T1614 002:691 JLINK_DEVICE_GetIndex(sDeviceName = nRF52832_xxAA)  returns 1785 (0000ms, 0247ms total)
T1614 002:691 JLINK_DEVICE_GetInfo(DeviceIndex = 1785)  returns 0 (0000ms, 0247ms total)
T1614 002:696 JLINK_SetResetDelay(0) (0000ms, 0247ms total)
T1614 002:696 JLINK_Reset() -- CPU is running -- CPU_WriteMem(4 bytes @ 0xE000EDF0) -- CPU is running -- CPU_WriteMem(4 bytes @ 0xE000EDFC)Reset: Halt core after reset via DEMCR.VC_CORERESET. >0x35 TIF>Reset: Reset device via AIRCR.SYSRESETREQ. -- CPU is running -- CPU_WriteMem(4 bytes @ 0xE000ED0C) >0x0D TIF> >0x28 TIF> -- CPU_ReadMem(4 bytes @ 0xE000EDF0) -- CPU_ReadMem(4 bytes @ 0xE000EDF0) -- CPU is running -- CPU_WriteMem(4 bytes @ 0xE000EDF0) -- CPU is running -- CPU_WriteMem(4 bytes @ 0xE000EDFC)
 -- CPU_ReadMem(4 bytes @ 0xE000EDF0) -- CPU_WriteMem(4 bytes @ 0xE0002000) -- CPU_ReadMem(4 bytes @ 0xE000EDFC) -- CPU_ReadMem(4 bytes @ 0xE0001000) (0065ms, 0312ms total)
T1614 002:761 JLINK_IsHalted()  returns TRUE (0000ms, 0312ms total)
T1614 002:761 JLINK_ReadRegs(NumRegs = 1, Indexes: 0) -- R0=0x00  returns 0x00 (0000ms, 0312ms total)
T1614 002:761 JLINK_ReadRegs(NumRegs = 1, Indexes: 1) -- R1=0x00  returns 0x00 (0000ms, 0312ms total)
T1614 002:761 JLINK_ReadRegs(NumRegs = 1, Indexes: 2) -- R2=0x00  returns 0x00 (0000ms, 0312ms total)
T1614 002:761 JLINK_ReadRegs(NumRegs = 1, Indexes: 3) -- R3=0x00  returns 0x00 (0000ms, 0312ms total)
T1614 002:761 JLINK_ReadRegs(NumRegs = 1, Indexes: 4) -- R4=0x00  returns 0x00 (0000ms, 0312ms total)
T1614 002:761 JLINK_ReadRegs(NumRegs = 1, Indexes: 5) -- R5=0x00  returns 0x00 (0000ms, 0312ms total)
T1614 002:761 JLINK_ReadRegs(NumRegs = 1, Indexes: 6) -- R6=0x00  returns 0x00 (0000ms, 0312ms total)
T1614 002:761 JLINK_ReadRegs(NumRegs = 1, Indexes: 7) -- R7=0x00  returns 0x00 (0000ms, 0312ms total)
T1614 002:761 JLINK_ReadRegs(NumRegs = 1, Indexes: 8) -- R8=0x00  returns 0x00 (0001ms, 0313ms total)
T1614 002:762 JLINK_ReadRegs(NumRegs = 1, Indexes: 9) -- R9=0x00  returns 0x00 (0000ms, 0313ms total)
T1614 002:762 JLINK_ReadRegs(NumRegs = 1, Indexes: 10) -- R10=0x00  returns 0x00 (0000ms, 0313ms total)
T1614 002:762 JLINK_ReadRegs(NumRegs = 1, Indexes: 11) -- R11=0x00  returns 0x00 (0000ms, 0313ms total)
T1614 002:762 JLINK_ReadRegs(NumRegs = 1, Indexes: 12) -- R12=0x00  returns 0x00 (0000ms, 0313ms total)
T1614 002:762 JLINK_ReadRegs(NumRegs = 1, Indexes: 13) -- R13 (SP)=0x20000400  returns 0x00 (0000ms, 0313ms total)
T1614 002:762 JLINK_ReadRegs(NumRegs = 1, Indexes: 14) -- R14=0xFFFFFFFF  returns 0x00 (0000ms, 0313ms total)
T1614 002:762 JLINK_ReadRegs(NumRegs = 1, Indexes: 15) -- R15 (PC)=0xA80  returns 0x00 (0000ms, 0313ms total)
T1614 002:762 JLINK_ReadRegs(NumRegs = 1, Indexes: 16) -- XPSR=0x1000000  returns 0x00 (0000ms, 0313ms total)
T1614 002:762 JLINK_ReadRegs(NumRegs = 1, Indexes: 17) -- MSP=0x20000400  returns 0x00 (0000ms, 0313ms total)
T1614 002:762 JLINK_ReadRegs(NumRegs = 1, Indexes: 18) -- PSP=0x00  returns 0x00 (0000ms, 0313ms total)
T1614 002:762 JLINK_ReadRegs(NumRegs = 1, Indexes: 20) -- CFBP=0x00  returns 0x00 (0000ms, 0313ms total)
T1614 002:786 JLINK_DEVICE_GetIndex(sDeviceName = nRF52832_xxAA)  returns 1785 (0000ms, 0313ms total)
T1614 002:786 JLINK_DEVICE_GetInfo(DeviceIndex = 1785)  returns 0 (0000ms, 0313ms total)
T1614 002:788 JLINK_DEVICE_GetIndex(sDeviceName = nRF52832_xxAA)  returns 1785 (0000ms, 0313ms total)
T1614 002:788 JLINK_DEVICE_GetInfo(DeviceIndex = 1785)  returns 0 (0000ms, 0313ms total)
T1614 002:791 JLINK_DEVICE_GetIndex(sDeviceName = nRF52832_xxAA)  returns 1785 (0000ms, 0313ms total)
T1614 002:791 JLINK_DEVICE_GetInfo(DeviceIndex = 1785)  returns 0 (0000ms, 0313ms total)
T1614 002:806 JLINK_BeginDownload(Flags = 0x00) (0000ms, 0313ms total)
T1614 002:806 JLINK_WriteMem(0x00000000, 0x0B00 Bytes, ...) - Data: 00 04 00 20 81 0A 00 00 15 07 00 00 61 0A 00 00 ... -- Read from flash cache (2816 bytes @ 0x00000000)  returns 0xB00 (0000ms, 0313ms total)
T1614 002:810 JLINK_WriteMem(0x00001000, 0x19000 Bytes, ...) - Data: 80 13 00 20 19 4B 02 00 05 C0 00 00 7F 4A 02 00 ... -- Read from flash cache (102400 bytes @ 0x00001000)  returns 0x19000 (0000ms, 0313ms total)
T1614 002:812 JLINK_WriteMem(0x0001A000, 0xB150 Bytes, ...) - Data: 01 20 65 E7 2E 48 00 21 C1 61 01 62 08 46 64 E4 ... -- Read from flash cache (45392 bytes @ 0x0001A000)  returns 0xB150 (0001ms, 0314ms total)
T1614 002:813 JLINK_EndDownload() -- CPU_ReadMem(4 bytes @ 0xE000ED90) -- CPU_ReadMem(4 bytes @ 0xE000ED94) -- -------------------------------------- -- Start of determining dirty areas in flash cache -- End of determining dirty areas -- Start of preparing flash programming -- Calculating RAM usage -- RAM usage = 5804 Bytes -- Preserving CPU registers -- Preparing memory -- Preparing target -- Downloading RAMCode -- Checking target RAM -- Preparing RAMCode -- End of preparing flash programming
 -- CPU speed could not be measured. -- Start of comparing flash -- CRC check was estimated as fastest method -- Comparing range 0x0000 - 0x1FFFF (32 Sectors, 128 KB), using multi-block CRC calculation -- All CRCs match -- Comparing range 0x20000 - 0x25FFF (6 Sectors, 24 KB), using multi-block CRC calculation -- All CRCs match -- Comparing range 0x0000 - 0x1FFFF (32 Sectors, 128 KB), using alternative multi-block CRC calculation -- All CRCs match
 -- Comparing range 0x20000 - 0x25FFF (6 Sectors, 24 KB), using alternative multi-block CRC calculation -- All CRCs match -- End of comparing flash -- Start of erasing sectors -- End of erasing sectors -- Start of flash programming -- End of flash programming -- Start of verifying flash -- End of verifying flash -- Start of restoring -- Restoring RAMCode -- Restore target -- Restore memory -- Restoring CPU registers -- End of restoring -- Bank 0 @ 0x00000000: Skipped. Contents already match
 -- Bank 0 @ 0x00000000: Skipped. Contents already match  returns 0x00 (0148ms, 0462ms total)
T1614 002:966 JLINK_DEVICE_GetIndex(sDeviceName = nRF52832_xxAA)  returns 1785 (0000ms, 0462ms total)
T1614 002:966 JLINK_DEVICE_GetInfo(DeviceIndex = 1785)  returns 0 (0000ms, 0462ms total)
T1614 002:968 JLINK_DEVICE_GetIndex(sDeviceName = nRF52832_xxAA)  returns 1785 (0000ms, 0462ms total)
T1614 002:968 JLINK_DEVICE_GetInfo(DeviceIndex = 1785)  returns 0 (0000ms, 0462ms total)
T1614 002:972 JLINK_BeginDownload(Flags = 0x00) (0000ms, 0462ms total)
T1614 002:972 JLINK_WriteMem(0x00026000, 0x59D0 Bytes, ...) - Data: 00 00 01 20 79 63 02 00 61 63 02 00 63 63 02 00 ... -- Read from flash cache (22992 bytes @ 0x00026000)  returns 0x59D0 (0000ms, 0462ms total)
T1614 002:976 JLINK_WriteMem(0x0002B9D0, 0x0050 Bytes, ...) - Data: 00 00 00 00 00 20 00 40 00 00 00 00 00 20 00 40 ... -- Read from flash cache (80 bytes @ 0x0002B9D0)  returns 0x50 (0000ms, 0462ms total)
T1614 002:976 JLINK_EndDownload() -- CPU_ReadMem(4 bytes @ 0xE000ED90) -- CPU_ReadMem(4 bytes @ 0xE000ED94) -- -------------------------------------- -- Start of determining dirty areas in flash cache -- End of determining dirty areas -- Start of preparing flash programming -- Calculating RAM usage -- RAM usage = 3756 Bytes -- Preserving CPU registers -- Preparing memory -- Preparing target -- Preserving target RAM temporarily used for programming -- Downloading RAMCode
 -- Not first flash download, checking target RAM skipped -- Preparing RAMCode -- End of preparing flash programming -- CPU speed could not be measured. -- Start of comparing flash -- CRC check was estimated as fastest method -- Comparing range 0x26000 - 0x2BFFF (6 Sectors, 24 KB), using multi-block CRC calculation -- CRC does not match for sectors 0-5 -- End of comparing flash -- Start of erasing sectors -- Erasing range 0x00026000 - 0x0002BFFF (  6 Sectors, 24 KB) -- End of erasing sectors
 -- Start of flash programming -- Programming range 0x00026000 - 0x0002BFFF (  6 Sectors, 24 KB) -- End of flash programming -- 0x26000 - 0x2BFFF (  6 Sectors, 24 KB) -- Start of verifying flash -- Use CRC or checksum calculation as verify method -- End of verifying flash -- Start of restoring -- Restoring RAMCode -- Restoring target memory -- Restore target -- Restore memory -- Restoring CPU registers -- End of restoring -- Bank 0 @ 0x00000000: 1 range affected (24576 bytes)
 -- Total time needed: 0.501s (Prepare: 0.048s, Compare: 0.007s, Erase: 0.013s, Program: 0.407s, Verify: 0.000s, Restore: 0.024s)  returns 0x6000 (0506ms, 0968ms total)
T1614 003:485 JLINK_WriteReg(R0, 0x00000000)  returns 0x00 (0001ms, 0969ms total)
T1614 003:486 JLINK_WriteReg(R1, 0x00000000)  returns 0x00 (0000ms, 0969ms total)
T1614 003:486 JLINK_WriteReg(R2, 0x00000000)  returns 0x00 (0000ms, 0969ms total)
T1614 003:486 JLINK_WriteReg(R3, 0x00000000)  returns 0x00 (0000ms, 0969ms total)
T1614 003:486 JLINK_WriteReg(R4, 0x00000000)  returns 0x00 (0000ms, 0969ms total)
T1614 003:486 JLINK_WriteReg(R5, 0x00000000)  returns 0x00 (0000ms, 0969ms total)
T1614 003:486 JLINK_WriteReg(R6, 0x00000000)  returns 0x00 (0000ms, 0969ms total)
T1614 003:486 JLINK_WriteReg(R7, 0x00000000)  returns 0x00 (0000ms, 0969ms total)
T1614 003:486 JLINK_WriteReg(R8, 0x00000000)  returns 0x00 (0000ms, 0969ms total)
T1614 003:486 JLINK_WriteReg(R9, 0x00000000)  returns 0x00 (0000ms, 0969ms total)
T1614 003:486 JLINK_WriteReg(R10, 0x00000000)  returns 0x00 (0000ms, 0969ms total)
T1614 003:486 JLINK_WriteReg(R11, 0x00000000)  returns 0x00 (0000ms, 0969ms total)
T1614 003:486 JLINK_WriteReg(R12, 0x00000000)  returns 0x00 (0000ms, 0969ms total)
T1614 003:486 JLINK_WriteReg(R13 (SP), 0x20000400)  returns 0x00 (0000ms, 0969ms total)
T1614 003:486 JLINK_WriteReg(R14, 0xFFFFFFFF)  returns 0x00 (0000ms, 0969ms total)
T1614 003:486 JLINK_WriteReg(R15 (PC), 0x00026378)  returns 0x00 (0000ms, 0969ms total)
T1614 003:486 JLINK_WriteReg(XPSR, 0x01000000)  returns 0x00 (0000ms, 0969ms total)
T1614 003:486 JLINK_WriteReg(MSP, 0x20000400)  returns 0x00 (0000ms, 0969ms total)
T1614 003:486 JLINK_WriteReg(PSP, 0x00000000)  returns 0x00 (0000ms, 0969ms total)
T1614 003:486 JLINK_WriteReg(CFBP, 0x00000000)  returns 0x00 (0000ms, 0969ms total)
T1614 003:486 JLINK_GoEx(MaxEmulInsts = -1, Flags = 0x01) -- CPU_ReadMem(4 bytes @ 0xE0001000) (0003ms, 0972ms total)
T1614 003:491 JLINK_IsOpen()  returns 0x01 (0000ms, 0972ms total)
T1614 003:503 JLINK_Close() >0x0D TIF> >0x28 TIF> >0x0D TIF> >0x28 TIF> >0x0D TIF> >0x28 TIF> >0x0D TIF> >0x28 TIF> >0x0D TIF> >0x28 TIF> >0x0D TIF> >0x28 TIF> >0x0D TIF> >0x28 TIF> >0x0D TIF> >0x28 TIF> >0x35 TIF> >0x0D TIF> >0x28 TIF> (0008ms, 0980ms total)
T1614 003:503  (0008ms, 0980ms total)
T1614 003:503 Closed (0008ms, 0980ms total)
